#
# There is insufficient memory for the Java Runtime Environment to continue.
# Native memory allocation (mmap) failed to map 4294967296 bytes for Failed to commit area from 0x0000000700000000 to 0x0000000800000000 of length 4294967296.
# Possible reasons:
#   The system is out of physical RAM or swap space
#   The process is running with CompressedOops enabled, and the Java Heap may be blocking the growth of the native heap
# Possible solutions:
#   Reduce memory load on the system
#   Increase physical memory or swap space
#   Check if swap backing store is full
#   Decrease Java heap size (-Xmx/-Xms)
#   Decrease number of Java threads
#   Decrease Java thread stack sizes (-Xss)
#   Set larger code cache with -XX:ReservedCodeCacheSize=
# This output file may be truncated or incomplete.
#
#  Out of Memory Error (t:/workspace/open/src/hotspot/os/windows/os_windows.cpp:3301), pid=9264, tid=11468
#
# JRE version:  (13.0.2+8) (build )
# Java VM: Java HotSpot(TM) 64-Bit Server VM (13.0.2+8, mixed mode, aot, sharing, tiered, compressed oops, g1 gc, windows-amd64)
# No core dump will be written. Minidumps are not enabled by default on client versions of Windows
#

---------------  S U M M A R Y ------------

Command Line: -Xms4G -Xmx4G -javaagent:C:\Program Files\JetBrains\IntelliJ IDEA Community Edition 2019.3.3\lib\idea_rt.jar=61981:C:\Program Files\JetBrains\IntelliJ IDEA Community Edition 2019.3.3\bin -Dfile.encoding=UTF-8 com.company.Main 20 5 q w e r t y u i o p a s d f g h j k z x c v b n m

Host: AMD A9-9410 RADEON R5, 5 COMPUTE CORES 2C+3G   , 2 cores, 7G,  Windows 10 , 64 bit Build 18362 (10.0.18362.778)
Time: Fri May 15 12:01:23 2020 GTB Daylight Time elapsed time: 2 seconds (0d 0h 0m 2s)

---------------  T H R E A D  ---------------

Current thread (0x0000019b3367f000):  JavaThread "Unknown thread" [_thread_in_vm, id=11468, stack(0x00000081b4800000,0x00000081b4900000)]

Stack: [0x00000081b4800000,0x00000081b4900000]
Native frames: (J=compiled Java code, j=interpreted, Vv=VM code, C=native code)
V  [jvm.dll+0x624f9a]
V  [jvm.dll+0x770cfa]
V  [jvm.dll+0x7724af]
V  [jvm.dll+0x772ab3]
V  [jvm.dll+0x24bf08]
V  [jvm.dll+0x6222aa]
V  [jvm.dll+0x6170b5]
V  [jvm.dll+0x30a88c]
V  [jvm.dll+0x30a6c2]
V  [jvm.dll+0x30fe36]
V  [jvm.dll+0x353f46]
V  [jvm.dll+0x353720]
V  [jvm.dll+0x2e550a]
V  [jvm.dll+0x2e67a2]
V  [jvm.dll+0x74dd78]
V  [jvm.dll+0x361989]
V  [jvm.dll+0x730e65]
V  [jvm.dll+0x3cc53f]
V  [jvm.dll+0x3ce861]
C  [jli.dll+0x51ff]
C  [ucrtbase.dll+0x20e72]
C  [KERNEL32.DLL+0x17bd4]
C  [ntdll.dll+0x6ce51]


---------------  P R O C E S S  ---------------

Threads class SMR info:
_java_thread_list=0x00007ff9d7cdccb8, length=0, elements={
}

Java Threads: ( => current thread )

Other Threads:
  0x0000019b336ce000 GCTaskThread "GC Thread#0" [stack: 0x00000081b4900000,0x00000081b4a00000] [id=8200]
  0x0000019b336df800 ConcurrentGCThread "G1 Main Marker" [stack: 0x00000081b4a00000,0x00000081b4b00000] [id=12992]
  0x0000019b336e1000 ConcurrentGCThread "G1 Conc#0" [stack: 0x00000081b4b00000,0x00000081b4c00000] [id=3752]

[error occurred during error reporting (printing all threads), id 0xc0000005, EXCEPTION_ACCESS_VIOLATION (0xc0000005) at pc=0x00007ff9d75151d7]

VM state:not at safepoint (not fully initialized)

VM Mutex/Monitor currently owned by a thread:  ([mutex/lock_event])
[0x0000019b3367c520] Heap_lock - owner thread: 0x0000019b3367f000

Heap address: 0x0000000700000000, size: 4096 MB, Compressed Oops mode: Non-zero based: 0x0000000700000000
Narrow klass base: 0x0000000000000000, Narrow klass shift: 0

GC Heap History (0 events):
No events

Deoptimization events (0 events):
No events

Classes unloaded (0 events):
No events

Classes redefined (0 events):
No events

Internal exceptions (0 events):
No events

Events (8 events):
Event: 0.251 Loaded shared library C:\Program Files\Java\jdk-13.0.2\bin\zip.dll
Event: 0.252 Loaded shared library C:\Program Files\Java\jdk-13.0.2\bin\jimage.dll
Event: 0.263 Loading shared library C:\Program Files\Java\jdk-13.0.2\lib\libjava.base-coop.dll failed, error code 126
Event: 0.263 Loading shared library C:\Program Files\Java\jdk-13.0.2\lib\libjava.logging-coop.dll failed, error code 126
Event: 0.264 Loading shared library C:\Program Files\Java\jdk-13.0.2\lib\libjdk.compiler-coop.dll failed, error code 126
Event: 0.264 Loading shared library C:\Program Files\Java\jdk-13.0.2\lib\libjdk.scripting.nashorn-coop.dll failed, error code 126
Event: 0.264 Loading shared library C:\Program Files\Java\jdk-13.0.2\lib\libjdk.internal.vm.ci-coop.dll failed, error code 126
Event: 0.264 Loading shared library C:\Program Files\Java\jdk-13.0.2\lib\libjdk.internal.vm.compiler-coop.dll failed, error code 126


Dynamic libraries:
0x00007ff7da2b0000 - 0x00007ff7da2bf000 	C:\Program Files\Java\jdk-13.0.2\bin\java.exe
0x00007ffa21300000 - 0x00007ffa214f0000 	C:\WINDOWS\SYSTEM32\ntdll.dll
0x00007ffa20090000 - 0x00007ffa20142000 	C:\WINDOWS\System32\KERNEL32.DLL
0x00007ffa1e3f0000 - 0x00007ffa1e693000 	C:\WINDOWS\System32\KERNELBASE.dll
0x00007ffa1eb20000 - 0x00007ffa1ec1a000 	C:\WINDOWS\System32\ucrtbase.dll
0x00007ffa05830000 - 0x00007ffa05848000 	C:\Program Files\Java\jdk-13.0.2\bin\jli.dll
0x00007ffa20ac0000 - 0x00007ffa20b63000 	C:\WINDOWS\System32\ADVAPI32.dll
0x00007ffa20220000 - 0x00007ffa202be000 	C:\WINDOWS\System32\msvcrt.dll
0x00007ffa210e0000 - 0x00007ffa21177000 	C:\WINDOWS\System32\sechost.dll
0x00007ffa208f0000 - 0x00007ffa20a10000 	C:\WINDOWS\System32\RPCRT4.dll
0x00007ffa1fef0000 - 0x00007ffa20084000 	C:\WINDOWS\System32\USER32.dll
0x00007ffa1e310000 - 0x00007ffa1e331000 	C:\WINDOWS\System32\win32u.dll
0x00007ffa20a30000 - 0x00007ffa20a56000 	C:\WINDOWS\System32\GDI32.dll
0x00007ffa1e8c0000 - 0x00007ffa1ea54000 	C:\WINDOWS\System32\gdi32full.dll
0x00007ffa054c0000 - 0x00007ffa054d5000 	C:\Program Files\Java\jdk-13.0.2\bin\VCRUNTIME140.dll
0x00007ffa1ea80000 - 0x00007ffa1eb1e000 	C:\WINDOWS\System32\msvcp_win.dll
0x00007ffa15a50000 - 0x00007ffa15cd5000 	C:\WINDOWS\WinSxS\amd64_microsoft.windows.common-controls_6595b64144ccf1df_6.0.18362.778_none_e6c6b761130d4fb8\COMCTL32.dll
0x00007ffa20c60000 - 0x00007ffa20f96000 	C:\WINDOWS\System32\combase.dll
0x00007ffa1e840000 - 0x00007ffa1e8c0000 	C:\WINDOWS\System32\bcryptPrimitives.dll
0x00007ffa16a70000 - 0x00007ffa16a7a000 	C:\WINDOWS\SYSTEM32\VERSION.dll
0x00007ffa1fcd0000 - 0x00007ffa1fcfe000 	C:\WINDOWS\System32\IMM32.DLL
0x00007ff9f8b40000 - 0x00007ff9f8bdb000 	C:\Program Files\Java\jdk-13.0.2\bin\msvcp140.dll
0x00007ff9d7220000 - 0x00007ff9d7d7d000 	C:\Program Files\Java\jdk-13.0.2\bin\server\jvm.dll
0x00007ffa20c50000 - 0x00007ffa20c58000 	C:\WINDOWS\System32\PSAPI.DLL
0x00007ffa13370000 - 0x00007ffa13379000 	C:\WINDOWS\SYSTEM32\WSOCK32.dll
0x00007ffa1fe80000 - 0x00007ffa1feef000 	C:\WINDOWS\System32\WS2_32.dll
0x00007ffa14750000 - 0x00007ffa14774000 	C:\WINDOWS\SYSTEM32\WINMM.dll
0x00007ffa14720000 - 0x00007ffa1474d000 	C:\WINDOWS\SYSTEM32\WINMMBASE.dll
0x00007ffa1e6a0000 - 0x00007ffa1e6ea000 	C:\WINDOWS\System32\cfgmgr32.dll
0x00007ffa1e250000 - 0x00007ffa1e261000 	C:\WINDOWS\System32\kernel.appcore.dll
0x00007ffa0f370000 - 0x00007ffa0f380000 	C:\Program Files\Java\jdk-13.0.2\bin\verify.dll
0x00007ffa17810000 - 0x00007ffa17a04000 	C:\WINDOWS\SYSTEM32\DBGHELP.DLL
0x00007ffa177e0000 - 0x00007ffa1780a000 	C:\WINDOWS\SYSTEM32\dbgcore.DLL
0x00007ffa032f0000 - 0x00007ffa03316000 	C:\Program Files\Java\jdk-13.0.2\bin\java.dll
0x00007ffa096f0000 - 0x00007ffa096fe000 	C:\Program Files\Java\jdk-13.0.2\bin\instrument.dll
0x00007ffa03a80000 - 0x00007ffa03a97000 	C:\Program Files\Java\jdk-13.0.2\bin\zip.dll
0x00007ffa0cee0000 - 0x00007ffa0ceea000 	C:\Program Files\Java\jdk-13.0.2\bin\jimage.dll

dbghelp: loaded successfully - version: 4.0.5 - missing functions: none
symbol engine: initialized successfully - sym options: 0x614 - pdb path: .;C:\Program Files\Java\jdk-13.0.2\bin;C:\WINDOWS\SYSTEM32;C:\WINDOWS\WinSxS\amd64_microsoft.windows.common-controls_6595b64144ccf1df_6.0.18362.778_none_e6c6b761130d4fb8;C:\Program Files\Java\jdk-13.0.2\bin\server

VM Arguments:
jvm_args: -Xms4G -Xmx4G -javaagent:C:\Program Files\JetBrains\IntelliJ IDEA Community Edition 2019.3.3\lib\idea_rt.jar=61981:C:\Program Files\JetBrains\IntelliJ IDEA Community Edition 2019.3.3\bin -Dfile.encoding=UTF-8 
java_command: com.company.Main 20 5 q w e r t y u i o p a s d f g h j k z x c v b n m
java_class_path (initial): C:\Users\Alexandra\Desktop\Alfabet\out\production\Alfabet
Launcher Type: SUN_STANDARD

[Global flags]
     intx CICompilerCount                          = 2                                         {product} {ergonomic}
     uint ConcGCThreads                            = 1                                         {product} {ergonomic}
     uint G1ConcRefinementThreads                  = 2                                         {product} {ergonomic}
   size_t G1HeapRegionSize                         = 2097152                                   {product} {ergonomic}
    uintx GCDrainStackTargetSize                   = 64                                        {product} {ergonomic}
   size_t InitialHeapSize                          = 4294967296                                {product} {command line}
   size_t MarkStackSize                            = 4194304                                   {product} {ergonomic}
   size_t MaxHeapSize                              = 4294967296                                {product} {command line}
   size_t MinHeapDeltaBytes                        = 2097152                                   {product} {ergonomic}
   size_t MinHeapSize                              = 4294967296                                {product} {command line}
    uintx NonNMethodCodeHeapSize                   = 5826188                                {pd product} {ergonomic}
    uintx NonProfiledCodeHeapSize                  = 122916026                              {pd product} {ergonomic}
    uintx ProfiledCodeHeapSize                     = 122916026                              {pd product} {ergonomic}
    uintx ReservedCodeCacheSize                    = 251658240                              {pd product} {ergonomic}
     bool SegmentedCodeCache                       = true                                      {product} {ergonomic}
   size_t SoftMaxHeapSize                          = 4294967296                             {manageable} {ergonomic}
     bool UseCompressedClassPointers               = true                                 {lp64_product} {ergonomic}
     bool UseCompressedOops                        = true                                 {lp64_product} {ergonomic}
     bool UseG1GC                                  = true                                      {product} {ergonomic}
     bool UseLargePagesIndividualAllocation        = false                                  {pd product} {ergonomic}

Logging:
Log output configuration:
 #0: stdout all=warning uptime,level,tags
 #1: stderr all=off uptime,level,tags

Environment Variables:
JAVA_HOME=C:\Program Files\AdoptOpenJDK\jre-8.0.232.09-hotspot\
PATH=C:\Python38\Scripts\;C:\Python38\;C:\ProgramData\Oracle\Java\javapath;C:\oraclexe\app\oracle\product\11.2.0\server\bin;C:\Program Files\AdoptOpenJDK\jre-8.0.232.09-hotspot\bin;C:\WINDOWS\system32;C:\WINDOWS;C:\WINDOWS\System32\Wbem;C:\WINDOWS\System32\WindowsPowerShell\v1.0\;C:\ProgramData\chocolatey\bin;C:\Program Files\Git\cmd;C:\Program Files\Microsoft VS Code\bin;C:\Program Files\nodejs\;C:\WINDOWS\System32\OpenSSH\;C:\Users\Alexandra\AppData\Local\Programs\Microsoft VS Code\bin;C:\Users\Alexandra\AppData\Local\GitHubDesktop\bin;C:\Users\Alexandra\AppData\Roaming\npm;%USERPROFILE%\AppData\Local\Microsoft\WindowsApps;
USERNAME=Alexandra
OS=Windows_NT
PROCESSOR_IDENTIFIER=AMD64 Family 21 Model 112 Stepping 0, AuthenticAMD



---------------  S Y S T E M  ---------------

OS: Windows 10 , 64 bit Build 18362 (10.0.18362.778)

CPU:total 2 (initial active 2) (2 cores per cpu, 1 threads per core) family 21 model 112 stepping 0, cmov, cx8, fxsr, mmx, sse, sse2, sse3, ssse3, sse4.1, sse4.2, popcnt, avx, avx2, aes, clmul, mmxext, 3dnowpref, lzcnt, sse4a, tsc, tscinvbit, tscinv, bmi1, bmi2, fma

Memory: 4k page, system-wide physical 7647M (3031M free)
TotalPageFile size 10016M (AvailPageFile size 4085M)
current process WorkingSet (physical memory assigned to process): 10M, peak: 10M
current process commit charge ("private bytes"): 48M, peak: 4143M

vm_info: Java HotSpot(TM) 64-Bit Server VM (13.0.2+8) for windows-amd64 JRE (13.0.2+8), built on Dec 11 2019 09:20:33 by "mach5one" with unknown MS VC++:1916

END.
